[22-Apr-2025 08:55:13 Europe/Berlin] ACCION RECIBIDA: InicioSesion
[22-Apr-2025 08:55:13 Europe/Berlin] entro server
[22-Apr-2025 09:05:51 Europe/Berlin] entro server
[22-Apr-2025 09:05:54 Europe/Berlin] PHP Warning:  Undefined array key "accion" in /opt/lampp/htdocs/GestionGuardias/PROYECTO/REST/rest_server/index.php on line 151
[22-Apr-2025 09:05:54 Europe/Berlin] ACCION RECIBIDA: 
[22-Apr-2025 09:05:56 Europe/Berlin] entro server
[22-Apr-2025 09:06:02 Europe/Berlin] ACCION RECIBIDA: consultaProfes
[22-Apr-2025 09:06:06 Europe/Berlin] entro server
[22-Apr-2025 09:06:12 Europe/Berlin] entro server
[22-Apr-2025 09:06:14 Europe/Berlin] entro server
[22-Apr-2025 09:06:14 Europe/Berlin] entro consultaSesiones
[22-Apr-2025 09:06:14 Europe/Berlin] hago consulta
[22-Apr-2025 09:06:14 Europe/Berlin] ACCION RECIBIDA: historialGuardias
[22-Apr-2025 09:06:14 Europe/Berlin] SQL generado: SELECT * FROM registro_guardias 
                    WHERE docente_guardia = '010960328X'
[22-Apr-2025 09:06:14 Europe/Berlin] entro server
[22-Apr-2025 09:06:14 Europe/Berlin] entro consultaSesiones
[22-Apr-2025 09:06:14 Europe/Berlin] hago consulta
[22-Apr-2025 09:06:21 Europe/Berlin] ACCION RECIBIDA: historialGuardias
[22-Apr-2025 09:06:21 Europe/Berlin] SQL generado: SELECT * FROM registro_guardias 
                    WHERE docente_guardia = '010960328X' 
                    AND fecha = '2025-04-22'
[22-Apr-2025 09:06:21 Europe/Berlin] entro server
[22-Apr-2025 09:06:21 Europe/Berlin] entro consultaSesiones
[22-Apr-2025 09:06:21 Europe/Berlin] hago consulta
[22-Apr-2025 09:09:22 Europe/Berlin] entro server
[22-Apr-2025 09:09:22 Europe/Berlin] entro consultaSesiones
[22-Apr-2025 09:09:22 Europe/Berlin] hago consulta
[22-Apr-2025 09:09:23 Europe/Berlin] entro server
[22-Apr-2025 09:09:23 Europe/Berlin] entro consultaSesiones
[22-Apr-2025 09:09:23 Europe/Berlin] hago consulta
[22-Apr-2025 09:09:40 Europe/Berlin] entro server
[22-Apr-2025 09:09:40 Europe/Berlin] entro consultaSesiones
[22-Apr-2025 09:09:40 Europe/Berlin] hago consulta
[22-Apr-2025 09:11:05 Europe/Berlin] entro server
[22-Apr-2025 09:11:05 Europe/Berlin] entro consultaSesiones
[22-Apr-2025 09:11:05 Europe/Berlin] hago consulta
